0 info it worked if it ends with ok
1 verbose cli [ '/usr/local/bin/node', '/usr/local/bin/npm', 'start' ]
2 info using npm@3.10.10
3 info using node@v6.11.0
4 verbose run-script [ 'prestart', 'start', 'poststart' ]
5 info lifecycle fashioninsta@1.0.0~prestart: fashioninsta@1.0.0
6 silly lifecycle fashioninsta@1.0.0~prestart: no script for prestart, continuing
7 info lifecycle fashioninsta@1.0.0~start: fashioninsta@1.0.0
8 verbose lifecycle fashioninsta@1.0.0~start: unsafe-perm in lifecycle true
9 verbose lifecycle fashioninsta@1.0.0~start: PATH: /usr/local/lib/node_modules/npm/bin/node-gyp-bin:/home/urfa/fashioninsta/node_modules/.bin:/home/urfa/anaconda3/bin:/home/urfa/.rbenv/plugins/ruby-build/bin:/home/urfa/.rbenv/shims:/home/urfa/.rbenv/bin:/home/urfa/.rbenv/plugins/ruby-build/bin:/home/urfa/.rbenv/shims:/home/urfa/.rbenv/bin:/home/urfa/.local/share/umake/bin:/home/urfa/bin:/home/urfa/.local/bin:/usr/local/sbin:/usr/local/bin:/usr/sbin:/usr/bin:/sbin:/bin:/usr/games:/usr/local/games:/snap/bin:/home/urfa/.rvm/bin:/home/urfa/.rvm/bin:/home/urfa/.rvm/bin:/home/urfa/.rvm/bin
10 verbose lifecycle fashioninsta@1.0.0~start: CWD: /home/urfa/fashioninsta
11 silly lifecycle fashioninsta@1.0.0~start: Args: [ '-c', 'node app' ]
12 silly lifecycle fashioninsta@1.0.0~start: Returned: code: 1  signal: null
13 info lifecycle fashioninsta@1.0.0~start: Failed to exec start script
14 verbose stack Error: fashioninsta@1.0.0 start: `node app`
14 verbose stack Exit status 1
14 verbose stack     at EventEmitter.<anonymous> (/usr/local/lib/node_modules/npm/lib/utils/lifecycle.js:255:16)
14 verbose stack     at emitTwo (events.js:106:13)
14 verbose stack     at EventEmitter.emit (events.js:191:7)
14 verbose stack     at ChildProcess.<anonymous> (/usr/local/lib/node_modules/npm/lib/utils/spawn.js:40:14)
14 verbose stack     at emitTwo (events.js:106:13)
14 verbose stack     at ChildProcess.emit (events.js:191:7)
14 verbose stack     at maybeClose (internal/child_process.js:891:16)
14 verbose stack     at Process.ChildProcess._handle.onexit (internal/child_process.js:226:5)
15 verbose pkgid fashioninsta@1.0.0
16 verbose cwd /home/urfa/fashioninsta
17 error Linux 4.4.0-131-generic
18 error argv "/usr/local/bin/node" "/usr/local/bin/npm" "start"
19 error node v6.11.0
20 error npm  v3.10.10
21 error code ELIFECYCLE
22 error fashioninsta@1.0.0 start: `node app`
22 error Exit status 1
23 error Failed at the fashioninsta@1.0.0 start script 'node app'.
23 error Make sure you have the latest version of node.js and npm installed.
23 error If you do, this is most likely a problem with the fashioninsta package,
23 error not with npm itself.
23 error Tell the author that this fails on your system:
23 error     node app
23 error You can get information on how to open an issue for this project with:
23 error     npm bugs fashioninsta
23 error Or if that isn't available, you can get their info via:
23 error     npm owner ls fashioninsta
23 error There is likely additional logging output above.
24 verbose exit [ 1, true ]
